ERROR:root:Shin-Yurigaoka General Hospital
ERROR:root:Yamaguchi University Graduate School of Medicine
ERROR:root:Kochi Red Cross Hospital
ERROR:root:Osaki Citizen Hospital
ERROR:root:National Hospital Organization Yokohama Medical Center
ERROR:root:Rollins School of Public Health
ERROR:root:National Association of Hispanic Nurses
ERROR:root:Royal Bournemouth and Christchurch Hospitals NHS Foundation Trust
ERROR:root:Tsinghua University School of Medicine
ERROR:root:Oregon Health & Science University Department of Family Medicine
ERROR:root:Michigan State University College of Human Medicine
ERROR:root:UCSF Natividad Family Medicine Residency
ERROR:root:jianfeng.lin@uga.edu
ERROR:root:Institute of Oncology Research
ERROR:root:Center for Bionics and
ERROR:root:From the Department of Diagnostic Radiology and
ERROR:root:Department of Radiology and
ERROR:root:Division of Hematology/Oncology
ERROR:root:Ogaki Municipal Hospital
ERROR:root:Gastroenterology Practice
ERROR:root:Departments of Pharmacy and
ERROR:root:Department of Otolaryngology
ERROR:root:Head and Neck Surgery
ERROR:root:Third Military Medical University
ERROR:root:Shanxi Academy of Medical Scienses Shanxi Dayi Hospital
ERROR:root:Graduate School of Medicine
ERROR:root:Department of Orthopedics
ERROR:root:Department of Physical Medicine and Rehabilitation
ERROR:root:Second Department of Internal Medicine
ERROR:root:Department of Pediatric General Surgery and Liver Transplantation
ERROR:root:Shandong University of Traditional Chinese Medicine
ERROR:root:The First Hospital of Jilin University
ERROR:root:1 Department of Biology University of Ottawa Ottawa Ontario Canada
ERROR:root:N6A 5C2
ERROR:root:Service de médecine gériatrique
ERROR:root:HEENW Mersey Sector
ERROR:root:From the Department of Biomedical Engineering and
ERROR:root:From the Department of Toxicology and Cancer Biology and
ERROR:root:The Sidney Kimmel Comprehensive Cancer Center at Johns Hopkins
ERROR:root:International Journal of Pharmaceutical Compounding
ERROR:root:International Academy of Compounding Pharmacists
ERROR:root:Alberta Diabetes Institute and Department of Pharmacology and
ERROR:root:Nature Reviews Endocrinology
ERROR:root:Department of Medical Technology Faculty of Health Sciences Kyorin University Mitaka Tokyo Japan
ERROR:root:See the Notes section for the full list of authors' affiliations
ERROR:root:Economist and Senior Fellow at Project HOPE
ERROR:root:Georgia State University College of Law
ERROR:root:1 European Medicines Agency London United Kingdom
ERROR:root:1 Libin Cardiovascular Institute of Alberta University of Calgary Alberta Canada
ERROR:root:ZIP-06048
ERROR:root:and a researcher at the Women's College Research Institute
ERROR:root:From the Institute for Research in Immunology and Cancer and
ERROR:root:CA 94121 USA
ERROR:root:Saitama International Medical Center
ERROR:root:Kouhoukai Takagi Hospital
ERROR:root:Danylo Halytsky Lviv National Medical University
ERROR:root:a Duke University School of Medicine
ERROR:root:a Indiana University Center for Bioethics and Indiana University School of Medicine
ERROR:root:MO (Dr. Jenkins)
ERROR:root:Department of Hematology
ERROR:root:Dokuz Eylül University Faculty of Medicine
ERROR:root:University of Florida College of Medicine
ERROR:root:The Department of Cardiovascular Medicine
ERROR:root:University Hospitals Leuven
ERROR:root:Latner Thoracic Surgery Research Laboratories
ERROR:root:Division of Internal Medicine
ERROR:root:Dr Bertilsson)
ERROR:root:Chita State Medical Academy
ERROR:root:Pavlov First Saint Petersburg State Medical University
ERROR:root:Bashkir State Medical University
ERROR:root:Saint-Petersburg State Pediatric Medical University
ERROR:root:Children's Clinical Hospital №2
ERROR:root:Novosibirsk State Medical University
ERROR:root:Endocrinology Research Centre
ERROR:root:From the Division of Pediatric General and Thoracic Surgery
ERROR:root:From the Endocrinology and Metabolism Institute and
ERROR:root:Division of Gastroenterology
ERROR:root:Binxing.Li@hsc.utah.edu
ERROR:root:USA; email: jkinney@cshl.edu
ERROR:root:USA; email: georg001@umn.edu
ERROR:root:1 Division of Cardiology University of Arizona-Phoenix Phoenix AZ
ERROR:root:and Blood Institute and
ERROR:root:The Sakakibara Heart Institute of Okayama
ERROR:root:Nature Reviews Neuroscience
ERROR:root:Nature Reviews Cardiology
ERROR:root:Departments of Epidemiology and Biostatistics
ERROR:root:& Clinical Center (GRECC)
ERROR:root:State Key Laboratory of Cognitive Neuroscience and Learning
ERROR:root:1Max Delbrück Center for Molecular Medicine
ERROR:root:Division of Maternal Fetal Medicine
ERROR:root:Departments of Neuroimaging and Interventional Neuroradiology
ERROR:root:Department of Obstetrics and Gynecology
ERROR:root:Memory and Aging Center
ERROR:root:Perioperative and Pain Medicine
ERROR:root:From the Departments of Anesthesiology
ERROR:root:From the Department of Anesthesiology
ERROR:root:financial or otherwise
ERROR:root:Departments of Bioengineering
ERROR:root:MD (Dr Yeh)
ERROR:root:From the Dr. Phillip Frost Department of Dermatology and Cutaneous Surgery and
ERROR:root:Sydney Melanoma Diagnostic Centre
ERROR:root:Department of Nutrition
ERROR:root:NJ 08854. Email:
ERROR:root:Author to whom any correspondence should be addressed
ERROR:root:Fachhochschule für Sport und Management Potsdam (FHSMP)
ERROR:root:Department of Anesthesiology
ERROR:root:Health and Social Care Research Center
ERROR:root:SuZhou WuJiang Hospital of Integrated Traditional Chinese and Western Medicine
ERROR:root:Fujian Medical University Union Hospital
ERROR:root:Veterans Affairs Ann Arbor Healthcare System
ERROR:root:Shandong Provincial Hospital Affiliated to Shandong University
ERROR:root:Chengdu University of Traditional Chinese Medicine
ERROR:root:Gastroenterology and Endoscopy Unit
ERROR:root:West China College of Nursing
ERROR:root:From the Prostate Cancer Discovery and Development Program
ERROR:root:Nature Human Behaviour
ERROR:root:British Columbia V2M 7E9 (Sidhu)
ERROR:root:EA 7449 REPERES [Pharmacoepidemiology and Health Services Research]
ERROR:root:National Institute of Nursing Education
ERROR:root:Division of Pain Medicine
ERROR:root:Departments of Anesthesiology and Critical Care Medicine
ERROR:root:Emerging Medical Leaders Advisory Committee Member
ERROR:root:Juntendo University; and
ERROR:root:Department of Orthopaedics
ERROR:root:https://www.facebook.com/WORKJournal2016/?fref=ts
ERROR:root:Vice-Presidente da Sociedade Portuguesa de Cirurgia Cardio-Torácica e Vascular
ERROR:root:MD (M.A.A.)
ERROR:root:National Organization Hospital Shinshu Ueda Medical Center
ERROR:root:Juntendo University Faculty of Medicine
ERROR:root:Ningxia Medical University
ERROR:root:Gunma University Graduate School of Medicine
ERROR:root:Autonomous University of Nuevo León
ERROR:root:IDI-IRCCS
ERROR:root:Alvarado Dermatologia Clinica
ERROR:root:Department of Leadership and Organizational Behavior
ERROR:root:Department of Management and Marketing
ERROR:root:Helen F. Graham Cancer Center and Research Institute
ERROR:root:From the Departments of Pediatrics
ERROR:root:From the Epidemiology Branch
ERROR:root:Pacific Northwest National Laboratory
ERROR:root:Medical University of Innsbruck;
ERROR:root:From the Departments of Nuclear Medicine
ERROR:root:contact Dr. Jones at
ERROR:root:contact Mr. Blakeman at
ERROR:root:contact Dr. Luparell at
ERROR:root:contact Dr. Lee at
ERROR:root:contact Dr. Shellenbarger at
ERROR:root:contact Tiffani Chidume at
ERROR:root:Departments of Surgery
ERROR:root:Departments of General Surgery
ERROR:root:California (F.T.F.)
ERROR:root:Faculty director of the Multi-Regional Clinical Trials Center of the Brigham and Women's Hospital and Harvard and a professor of medicine at Brigham and Women's Hospital and Harvard Medical School
ERROR:root:Executive director of the Utah Trial Innovation Center at the University of Utah
ERROR:root:where she chairs the Department of Medical History and Bioethics
ERROR:root:MO 63110
ERROR:root:Department of Physiology and Program in Neuroscience
ERROR:root:Nature Reviews Immunology
ERROR:root:Nature Reviews Neurology
ERROR:root:University Hospital Hamburg Eppendorf
ERROR:root:Dokkyo Medical University School of Medicine
ERROR:root:Dr. Doherty is a graduate of the Ontario Veterinary College and he works as an economic analyst for the Ontario Veterinary Medical Association
ERROR:root:Általános Orvostudományi Kar Szeged
ERROR:root:pablo.baeza@crg.eu
ERROR:root:Diagnostic and Specialty Medicine (DIMES)
ERROR:root:From the Departments of Imaging Physics
ERROR:root:Medical Center - University of Freiburg
ERROR:root:and was a speaker at Nursing Management Congress2018
ERROR:root:PA. www.healthtech.pitt.edu and @HealthTechPitt
ERROR:root:University Clinical Center Maribor
ERROR:root:Department of Otolaryngology-Head and Neck Surgery
ERROR:root:Osaka University Graduate School of Medicine
ERROR:root:Department of Radiology
ERROR:root:Department of Rheumatology and Rehabilitation
ERROR:root:Cerebrovascular Disease Center
ERROR:root:The Department of Nephrology
ERROR:root:the Second Hospital of Shandong University
ERROR:root:Department of Respiratory and Critical Care Medicine
ERROR:root:Department of Rehabilitation
ERROR:root:Department of Neurology and Critical Care Medicine
ERROR:root:NY (P.M.M.)
ERROR:root:P. R. People's Republic of China
ERROR:root:Beijing Normal University and Shandong University of Traditional Chinese Medicine
ERROR:root:DC United Soccer Club
ERROR:root:Division of Medical Oncology
ERROR:root:Nature Reviews Clinical Oncology
ERROR:root:Current and Emerging Topical Therapies for Chronic Rhinosinusitis
ERROR:root:1 Department of Cardiology Herlev and Gentofte Hospital University of Copenhagen Denmark
ERROR:root:Department of Advanced Biomedical Sciences and
ERROR:root:Family physician with the Toronto Western Family Health Team and Lecturer in the Department of Family and Community Medicine at the University of Toronto in Ontario
ERROR:root:Associate Professor
ERROR:root:a University of Manchester and University of Oslo
ERROR:root:a University of Washington School of Medicine and Seattle Children's Hospital and Research Institute
ERROR:root:a The Norwegian University of Science and Technology
ERROR:root:a Vanderbilt University Medical Center
ERROR:root:a University Medical Center Utrecht
ERROR:root:a Zygon Center for Religion and Science
ERROR:root:Department of Cardiovascular Surgery
ERROR:root:Department of Quantitative Health Sciences
ERROR:root:Department of Surgery
ERROR:root:Division of Nephrology
ERROR:root:The University of Plymouth Centre for Innovations in Health and Social Care: a Joanna Briggs Institute Centre of Excellence
ERROR:root:Departments of Ophthalmology
ERROR:root:From the Department of Surgery
ERROR:root:From the Departments of Surgery
ERROR:root:1Department of Ophthalmology and
ERROR:root:University of Pennsylvania Perelman School of Medicine
ERROR:root:Shanghai Institutes for Biological Sciences and
ERROR:root:Uji-Tokushukai Medical Center
ERROR:root:1 Patras University Hospital Rion Greece
ERROR:root:1 Department of Human Sciences and Quality of Life Promotion San Raffaele University Rome Italy
ERROR:root:and Engineering Imaging Center (SLEIC)
ERROR:root:Santa Lucia Foundation (IRCCS Fondazione Santa Lucia)
ERROR:root:Language and Literacy Department
ERROR:root:Colorado; ORCID: https://orcid.org/0000-0003-3694-1235
ERROR:root:Departments of Pathology
ERROR:root:The Ottawa Hospital/University of Ottawa
ERROR:root:American Society of Colon and Rectal Surgeons
ERROR:root:Smt Jadhavabai Nathmal Singhvee Glaucoma Services
ERROR:root:Departments of Nuclear Medicine
ERROR:root:Departments of Radiology
ERROR:root:Division of Healthcare Delivery Science and Innovation
ERROR:root:Divisions of Clinical Informatics
ERROR:root:Department of Nutrition & Metabolism
ERROR:root:and Northern Ontario School of Medicine
ERROR:root:Universitätsklinik Tübingen
ERROR:root:HNO-Uniklinik Münster
ERROR:root:General Hospital of Chinese People's Armed Police Forces of Jinzhou Medical University Postgraduate Training Base
ERROR:root:Department of Thoracic Surgery
ERROR:root:Department of Pediatric Surgery
ERROR:root:Third Clinical Medical College of Nanjing University of Chinese Medicine
ERROR:root:Epidemiology and Biostatistics Center
ERROR:root:Nanjing Maternity and Child Health Care Hospital
ERROR:root:Department of Internal Medicine
ERROR:root:a Centre d'Estudis Demogràfics (CERCA Programme)
ERROR:root:Editora de la Revista Argentina de Microbiología
ERROR:root:Departments of Health Sciences and
ERROR:root:CA 94304 USA
ERROR:root:Faculty of Health Sciences and Tourism in Biała Podlaska
ERROR:root:New Yorkand
ERROR:root:Phone: +48 17 8516880
ERROR:root:International Life Science Institute (India)
ERROR:root:L.A. Sports and Spine
ERROR:root:Zerifin
ERROR:root:The Hebrew University- Hadassah
ERROR:root:Egészségügyi Közszolgálati Kar Budapest
ERROR:root:Department of Preventive Medicine and Community Health
ERROR:root:Shimane University Faculty of Medicine
ERROR:root:Iseikai Hospital
ERROR:root:National Hospital Organization Nagasaki Medical Center
ERROR:root:National Institute of Pharmaceutical Education and Research-Ahmedabad
ERROR:root:Kanazawa University Graduate School of Medicine
ERROR:root:Fukuoka University School of Medicine
ERROR:root:Missouriand
ERROR:root:Tennesseeand
ERROR:root:Pain and Palliative Medicine
ERROR:root:From the Departments of Anesthesiology and Critical Care Medicine
ERROR:root:National Pressure Ulcer Advisory Panel
ERROR:root:Department of Critical Care
ERROR:root:Applied and Translational Research (ATR) Center
ERROR:root:Dongguk University Medical Center
ERROR:root:contact Dr. Krautscheid at
ERROR:root:Istituto di Ricovero e Cura a Carattere Scientifico (IRCCS)-Istituto Nazionale Ricovero e Cura Anziani (INRCA)
ERROR:root:Editor-in-Chief
ERROR:root:Departments of Surgery (Urology Service)
ERROR:root:teaching in the MSN and DNP programs. She also practices part-time in oncology/hematology as a Family Nurse Practitioner
ERROR:root:Departments of Oncology
ERROR:root:West China Hospital of Sichuan University
ERROR:root:contact Dr. Smedley at
ERROR:root:Fujita Health University
ERROR:root:Departments of Diagnostic Imaging
ERROR:root:University of Nevada-Reno School of Medicine
ERROR:root:Circulation: Cardiovascular Imaging
ERROR:root:MA (R.Y.K.)
ERROR:root:served as decision editor on the manuscript
ERROR:root:are editors of this column
ERROR:root:JGSW
ERROR:root:Nature Reviews Urology
ERROR:root:1Department of Neurosurgery
ERROR:root:1College of Medicine
ERROR:root:Departments of1Neurological Surgery
ERROR:root:Nature Reviews Gastroenterology & Hepatology
ERROR:root:Nature Reviews Rheumatology
ERROR:root:Department of Microscopic Morphology/Histology
ERROR:root:Departments of Glaucoma Services
ERROR:root:University of Alabama at Birmingham School of Public Health (Dr Hites)
ERROR:root:Florida (Ms Dickow)
ERROR:root:California (Mr Garvida Jr)
ERROR:root:Service de maternité et de médecine foetale EA 7328 GH Necker-Enfants malades Université René Descartes Institut Imagine
ERROR:root:PSI & Associates
ERROR:root:and the Washington-Baltimore Center for Psychoanalysis
ERROR:root:Columbia College of Physicians & Surgeons
ERROR:root:NE 68583
ERROR:root:1 Section of Cardiovascular Medicine Department of Medicine Boston Medical Center Boston University School of Medicine Boston MA
ERROR:root:From the Departments of Orthopedic Surgery and
ERROR:root:Oita University Faculty of Medicine
ERROR:root:Eiju General Hospital
ERROR:root:The Jikei University Daisan Hospital
ERROR:root:Nature Medicine
ERROR:root:Klinika traumatologie Lékařské fakulty Masarykovy Univerzity v Brně
ERROR:root:Klinika úrazovej chirurgie Lekárskej fakulty Slovenskej zdravotníckej univerzity a Univerzitnej nemocnice Bratislava
ERROR:root:Ortopedická klinika Fakultní nemocnice Olomouc
ERROR:root:Fakultní nemocnice u sv. Anny v Brně a Lékařské fakulty Masarykovy univerzity Brno
ERROR:root:Pulmonary Branch and
ERROR:root:manuscript writing
ERROR:root:critical revision
ERROR:root:TC: Enfermeira. M. Sc. Saúde Coletiva. Universidade Estadual de Feira de Santana. Núcleo de Epidemiologia
ERROR:root:GA 30341. Email:
ERROR:root:Phone: +816-294-6950
ERROR:root:Head and Neck Oncology Department
ERROR:root:Department of Medical Oncology
ERROR:root:Division of Cancer Medicine
ERROR:root:King Saud bin Abdulaziz University for Health Sciences and King Abdullah International Medical Research Center
ERROR:root:University Hospital of Cologne
ERROR:root:a wholly owned subsidiary of Takeda Pharmaceutical Company Limited
ERROR:root:Editor Email: a. j. larner@thewaltoncentre. nhs. uk
ERROR:root:From the Departments of Radiology (E.B.)
ERROR:root:Virgen del Rocío University Hospital
ERROR:root:4717647745
ERROR:root:Phone: +034-1-3908310
ERROR:root:The Journal of Foot & Ankle Surgery®
ERROR:root:Leeds Teaching Hospital Trust
ERROR:root:Department of Microbial Physiology and Molecular Biology
ERROR:root:Buckinghamshire Healthcare NHS Trust
ERROR:root:Ireland T12 CY82
ERROR:root:QIMR Berghofer Medical Research Institute
ERROR:root:Institut de recherche Robert-Sauvé en santé et en sécurité du travail (IRSST)
ERROR:root:Greater Manchester Mental Health NHS Foundation Trust and University of Manchester
ERROR:root:Kyorin University School of Medicine
ERROR:root:Tokai University School of Medicine
ERROR:root:Mitoyo General Hospital
ERROR:root:Phone: +886-8-7703202
ERROR:root:1 Department of Cardiology Great Western Hospitals NHS Foundation Trust Swindon United Kingdom
ERROR:root:Departments of Medicine
ERROR:root:Miller School of Medicine
ERROR:root:Master's Student of Federal University of Ceará and Professor of Unichristus - Christus University Center
ERROR:root:Department of Gastroenterology
ERROR:root:Clinical Laboratory of Tianjin Third Central Hospital
ERROR:root:Temple University Health System
ERROR:root:University Medical Centre of the Johannes Gutenberg University Mainz
ERROR:root:a University of Wisconsin-Madison
ERROR:root:NJ (Dr. Ignatiuk)
ERROR:root:M5S 1A8 Canada
ERROR:root:Division of Critical Care Medicine (PP Kamat)
ERROR:root:Departments of Neurology
ERROR:root:1 Section on Hospital Medicine Department of Internal Medicine Wake Forest School of Medicine Winston-Salem NC
ERROR:root:Authors contributed equally to the work and share first authorship
ERROR:root:Science Editor
ERROR:root:Hôpital Bretonneau et hôpital Clocheville
ERROR:root:Joint first authors
ERROR:root:USA†Equal Contribution
ERROR:root:USA*Currently at the Flatiron Institute & Princeton University
ERROR:root:Hospital Universitario del Tajo
ERROR:root:Fundación Cardiovascular de Colombia (FCV)
ERROR:root:dchri07@gmail.com.
ERROR:root:jelberling@dadlnet.dk.
ERROR:root:Ulrikka@dadlnet.dk.
ERROR:root:Division of Emergency Medicine
ERROR:root:where she cares for teens and young women experiencing crisis pregnancies
ERROR:root:including end-of-life care. She has been a nurse for over 20 years
ERROR:root:is the Health Sciences Liaison Librarian at Drexel University Libraries. He assists faculty and students in conducting effective searches through multiple databases
ERROR:root:and served as the study's project manager
ERROR:root:National Cancer Institute (NCI)
ERROR:root:Fondazione Policlinico Universitario A. Gemelli IRCCS
ERROR:root:Interventional Cardiology
ERROR:root:Los Angeles. Kevin Riley is with UCLA-LOSH
ERROR:root:and Critical Care Medicine and Lung Health Center
ERROR:root:UCSF Helen Diller Family Comprehensive Cancer Center
ERROR:root:Fred Hutchinson Cancer Research Center/Seattle Cancer Care Alliance
ERROR:root:Nursing and Midwifery Care Research Center
ERROR:root:annelou.mortensen@gmail.com.
ERROR:root:maxime.woringer@pasteur.fr
ERROR:root:Departments of Neurological Surgery
ERROR:root:2018 EJI Excellence in Medicine Scholarship Recipient
ERROR:root:UGC Endocrinología y Nutrición. Hospital Universitario Reina Sofía. Instituto Maimónides de Investigación Biomédica de Córdoba (IMIBIC)
ERROR:root:The BMJ
ERROR:root:Strategic Communications American Registry of Radiologic Technologists
ERROR:root:. deleyele@yahoo.com.
ERROR:root:. iuyarube.mph@buk.edu.ng.
ERROR:root:Zentrum für Klinische Psychologie und Rehabilitation der Universität Bremen Grazer Str. 6 28359 Bremen Deutschland Zentrum für Klinische Psychologie und Rehabilitation der Universität Bremen
ERROR:root:Food and Nutritional Security. Federal University of Paraná
ERROR:root:Instituto de Investigación en Ciencias de la Alimentación. CIAL (CSIC-UAM). Universidad Autónoma de Madrid
ERROR:root:Clínica Alemana Universidad del Desarrollo
ERROR:root:at the time of the study
ERROR:root:United Healthcare/Optum
ERROR:root:Departments of Neuromedicine and Movement Science and
ERROR:root:Departments of Hepatology and Endemic Medicine
ERROR:root:University of Cincinnati College of Medicine
ERROR:root:George Washington University School of Medicine & Health Sciences
ERROR:root:Pediatric Orthopedics Unit
ERROR:root:Debevoise & Plimpton LLP
ERROR:root:Nova Southeastern University Shepard Broad College of Law
ERROR:root:Center for Research in Epidemiology and Population Health (CESP)
ERROR:root:Phone/Fax: +81-721-24-9148
ERROR:root:Tel. +39 0264442803
ERROR:root:Cell Metabolism
ERROR:root:Texas(Dr. Aisha Haynie is no longer affiliated with the agency)
ERROR:root:US Centers for Disease Control and Prevention(Ms Schnall)
ERROR:root:Niigata University Graduate School of Medical and Dental Sciences
ERROR:root:Ehime University Graduate School of Medicine
ERROR:root:Hyogo 663-8501 Japan
ERROR:root:ROC. lkpan@ctust.edu.tw
ERROR:root:University of Batna 1
ERROR:root:Psychology and Social Work
ERROR:root:Missouri Institute of Mental Health
ERROR:root:US: Fisioterapeuta. M. Sc. Ciências da Saúde pelo Programa de Pós-Graduação em Enfermagem e Saúde da Universidade Estadual do Sudoeste da Bahia. Brasil
ERROR:root:KS 66160 913-588-5000
ERROR:root:Immigrant Health and Cancer Disparities Service
ERROR:root:Departments of Anesthesiology and Pain Medicine
ERROR:root:Katip Celebi University Ataturk Training and Research Hospital
ERROR:root:Chinese Academy of Medical Sciences and Peking Union Medical College
ERROR:root:Division of Plastic and Reconstructive Surgery
ERROR:root:Italia; European Training Center in Endourology (ETCE); Young Academic Urologist Urotechnology group (YAU-ESUT)
ERROR:root:Coller School of Management and
ERROR:root:Virginia (E.J.L.)
ERROR:root:Nature Reviews Cancer
ERROR:root:University of Leuven and Department of Oral & Maxillofacial Surgery University Hospitals Leuven Leuven Belgium
ERROR:root:Department of Neurology Changzheng Hospital The Second Military Medical University Shanghai China
ERROR:root:Department of Neurology Johns Hopkins University Baltimore Maryland
ERROR:root:Department of Medical and Surgical Sciences Neuroscience Centre Magna Græcia University of Catanzaro Catanzaro Italy
ERROR:root:Department of Neuroscience Clinical Neurophysiology Uppsala University Uppsala Sweden
ERROR:root:Division of Neuroimmunology Department of Neurology Rocky Mountain Multiple Sclerosis Center at the University of Colorado Aurora Colorado
ERROR:root:Department of Biomedical and Neuromotor Sciences University of Bologna Bologna 40123 Italy
ERROR:root:Department of Translational Research on New Technologies in Medicine and Surgery University of Pisa Pisa Italy
ERROR:root:Department of Cognitive Neurology Hertie Institute for Clinical Brain Research Tübingen Germany
ERROR:root:Department of Neurology Xuanwu Hospital Capital Medical University Beijing China
ERROR:root:Division of Pulmonary and Critical Care Medicine and
ERROR:root:Critical Care and Sleep Medicine
ERROR:root:Michiganand
ERROR:root:Tex. (Ondo)
ERROR:root:University of São Paulo/Institut of Psychology (IPUSP) and Mackenzie Presbiterian University
ERROR:root:Poznan University of Medical Sciences
ERROR:root:South Dakota Foundation for Medical Care
ERROR:root:Department of Thoracic Surgery and
ERROR:root:España; Grupo Emergente de Broncoscopias y Neumología Intervencionista (GEBRYN); Sociedad Española de Neumología y Cirugía Torácica (SEPAR)
ERROR:root:French National Institute of Health and Medical Research (INSERM) Unit 1163 and
ERROR:root:Food and Nutritional Science
ERROR:root:1 Department of Molecular and Clinical Medicine Sahlgrenska Academy Gothenburg University Gothenburg Sweden
ERROR:root:Poppenga)
ERROR:root:and RJ McCulloh)
ERROR:root:DP Cliff); Illawarra Health and Medical Research Institute (J McNeill and DP Cliff)
ERROR:root:Kurume University School of Medicine
ERROR:root:901 678 5841
ERROR:root:and Director of Clinical Sciences Research Group
ERROR:root:IRAT Shared Service
ERROR:root:Departments of Electrical and Computer Engineering
ERROR:root:Departments of Radiation Oncology
ERROR:root:The First Affiliated Hospital of Soochow University
ERROR:root:Hematology-Oncology Division
ERROR:root:Departments of Pediatric and Child Health
ERROR:root:From the Department of Radiology
ERROR:root:Department of Neurotraumatology
ERROR:root:Department of Haematology
ERROR:root:Department of Gynecology
ERROR:root:St George's Hospital NHS Trust
ERROR:root:Faculty of Management and Social Communication)
ERROR:root:Nagoya City University Graduate School of Medical Sciences
ERROR:root:Department of Pathology and Laboratory Medicine
ERROR:root:1 Heart Research Follow-Up Program Division of Cardiology Department of Medicine University of Rochester Medical Center Rochester NY
ERROR:root:1 Department of Neurology University of Colorado Anschutz Medical Campus Aurora CO
ERROR:root:1 Department of Global Public Health and Primary Care University of Bergen Norway
ERROR:root:a Sapienza University of Rome
ERROR:root:UKEmail:
ERROR:root:From the Laboratory of Systems Pharmacology and
ERROR:root:Subdirección General de Calidad Asistencial. Dirección General de Humanización. Consejería de Sanidad. Comunidad de Madrid. España
ERROR:root:1 School of Nursing and
ERROR:root:and Sleep Medicine and
ERROR:root:Department of Family Medicine (MA Morgenlander)
ERROR:root:From the National Key Laboratory of Crop Genetic Improvement and
ERROR:root:From the Departments of Clinical Veterinary Medicine and
ERROR:root:Fax: +90 03123170353
ERROR:root:USA†Authors contributed equally to this work
ERROR:root:USA*These authors contributed equally to this work
ERROR:root:USA*This work is partially supported by NIH grant U01EB023686
ERROR:root:USA*Authors contributed equally
ERROR:root:and are listed alphabetically
ERROR:root:Phone: +358 50 427 2116
ERROR:root:1 Department of Respiratory Diseases
ERROR:root:Head and Neck Surgery. Bandirma State Hospital
ERROR:root:Pontifical Catholic University of Rio Grande do Sul - PUCRS
ERROR:root:University of Chicago Medical Center
ERROR:root:Medical University of Vienna
ERROR:root:Department of Anesthesia
ERROR:root:From the Departments of Cardiac Anaesthesiology
ERROR:root:Vanderbilt University Peabody College of Education and Human Development
ERROR:root:Ala (N.S.B.)
ERROR:root:four-time award winning anchor for Thirteen/WNET (PBS)
ERROR:root:Rutgers New Jersey Medical Scool (NJMS)
ERROR:root:MDAdvantage Insurance Company
ERROR:root:Office of Minority and Multicultural Health
ERROR:root:Rekonstruktive und Verbrennungschirurgie
ERROR:root:Hand- und Wiederherstellungschirurgie
ERROR:root:From the Department of Biology and
ERROR:root:JNMT
ERROR:root:. arikawepaul2002@yahoo.co.uk.
ERROR:root:See the Notes section for the author's affiliations
ERROR:root:and Denise Wall Parilo is a professor in the School of Nursing
ERROR:root:Division of Neurosurgery
ERROR:root:Farhat Hached University Hospital
ERROR:root:Resident of Oral and Maxillofacial Surgery
ERROR:root:Istanbul University Faculty of Dentistry
ERROR:root:Departments of Biomedical Physiology and Kinesiology
ERROR:root:MO (A.C.B.)
ERROR:root:GA(Ms Schnall)
ERROR:root:and Dr Shao Lin)
ERROR:root:Kansai Rosai Hospital
ERROR:root:No. 454 Hospital of the PLA
ERROR:root:Shinshu University School of Medicine
ERROR:root:Pediatric Intermediate Care Unit
ERROR:root:Department of Physiology and Pharmacology
ERROR:root:Vetsuisse-Fakultät Universität Bern
ERROR:root:International Epidemiological Association
ERROR:root:final approval
ERROR:root:interpretation and analysis of data; manuscript preparation and writing
ERROR:root:analysis and interpretation of data; technical procedures; statistics analysis
ERROR:root:manuscript preparation
ERROR:root:intellectual and scientific content of the study; acquisition and interpretation of data; manuscript preparation and writing
ERROR:root:FM: Enfermero-Abogado. Ph. D. Salud Pública. Ph. D. Investigación Clínica. Profesor Titular Universidad Nacional de Colombia. Profesor Asociado Universidad Pedagógica y Tecnológica de Colombia
ERROR:root:Brasil. Bolsista PNPD/CAPES
ERROR:root:Saha Cardiovascular Research Center
ERROR:root:Bureau of Radiation Control
ERROR:root:University of Parma
ERROR:root:is a registered nurse
ERROR:root:Fujian Medical University 350025
ERROR:root:1 Queensland Research Centre for Peripheral Vascular Disease College of Medicine and Dentistry James Cook University Townsville Queensland Australia
ERROR:root:1 Graduate School of Medical Science and Engineering Korea Advanced Institute of Science and Technology Daejeon Republic of Korea
ERROR:root:1 Department of Social and Behavioral Sciences Harvard T.H. Chan School of Public Health Boston MA
ERROR:root:Republic of China (J.L.-S.A.)
ERROR:root:From the Departments of Chemical and Biological Engineering
ERROR:root:Faculty of Health of Health Sciences UiT The Arctic University of Norway
ERROR:root:Department of Pathology Tsurumi University School of Dental Medicine Japan
ERROR:root:Facultad de Odontologia Universidad Autonoma de Nuevo Leon Monterrey Mexico
ERROR:root:Faculty of Dentistry Chiang Mai University Thailand
ERROR:root:University of South Dakota Sanford School of Medicine
ERROR:root:University of Utah School of Medicine
ERROR:root:International Association for the Study of Lung Cancer
ERROR:root:From the Department of Biochemistry and
ERROR:root:Department of Microbiology and Immunology
ERROR:root:UCLA Department of Psychiatry & Biobehavioral Sciences
ERROR:root:Kansai Medical University Medical Center
ERROR:root:Dentistry and Pharmaceutical Sciences
ERROR:root:Tokyo Metropolitan Bokutoh Hospital
ERROR:root:Department of Diagnostic Medicine
ERROR:root:Departments of Cancer Physiology
ERROR:root:Departments of Radiation Oncology and
ERROR:root:Department of Family and Community Medicine
ERROR:root:Institut d'Investigació Biomèdica de Bellvitge (IDIBELL)
ERROR:root:From the Department of Pediatrics and Divisions of
ERROR:root:First Affiliated Hospital of Fujian Medical University
ERROR:root:Medical University of Lublin
ERROR:root:Department of Nursing
ERROR:root:Wuxi People's Hospital Affiliated to Nanjing Medical University
ERROR:root:IdIAP Gol i Gorina
ERROR:root:Dali University Institute of Materia Medica
ERROR:root:Keck Medical Center of University of Southern California
ERROR:root:Tepecik Training and Research Hospital
ERROR:root:Rainbow and Babies Hospitals at Case Western Reserve University
ERROR:root:Azebaijan
ERROR:root:HKSAR
ERROR:root:and Ethan Levine for their feedback and support
ERROR:root:a Associate Editors for Research Methodology
ERROR:root:USA; email: brookscrickard@gmail.com
ERROR:root:University of Pittsburgh School of Medicine
ERROR:root:From the Departments of Pharmacology
ERROR:root:Department of Medical Technology
ERROR:root:1 University of Queensland
ERROR:root:1 Nagoya City University Graduate School of Natural Sciences Nagoya Japan
ERROR:root:LeRoith)
ERROR:root:Cellular and Molecular Neurobiology
ERROR:root:Institutes of Physiology
ERROR:root:;
ERROR:root:U.S.A.*These authors contributed equally to this work
ERROR:root:USA*Authors contributed equally to this work
ERROR:root:Fax: 234-2-8103043
ERROR:root:Fax: (+30) 2821 0 82510
ERROR:root:ayav@regionsjaelland.dk.
ERROR:root:elisabethlauritzen@hotmail.com.
ERROR:root:magnus.spangsberg.boesen@regionh.dk.
ERROR:root:paulsenrune@hotmail.com.
ERROR:root:Niemejko@yahoo.com.
ERROR:root:Matilde.groenborg.sandvej@regionh.dk.
ERROR:root:anette.kjeldsen@rsyd.dk.
ERROR:root:Universidade da Fundação Mineira de Educação e Cultura - FUMEC - Belo Horizonte (MG) Brasil
ERROR:root:Mexican Oncology Hospital
ERROR:root:and she is a regular volunteer for medical mission work
ERROR:root:United European Gastroenterology Journal
ERROR:root:Department of Biochemistry and Biomedical Sciences
ERROR:root:California 94710 (ORCID: https://orcid.org/0000-0002-1525-1078 [V.C.H.W.])
ERROR:root:National Institute of Standards and Technology; Theiss Research
ERROR:root:where Keith publishes rapid-response "Following The ACA" posts
ERROR:root:a NAR - Nucleus of High Performance in Sport
ERROR:root:Eternal Heart Care Centre & Research Institute
ERROR:root:living with an ostomy since 2010
ERROR:root:Royal National Throat Nose and Ear Hospital
ERROR:root:The Second Affiliated Hospital of Chongqing Medical University
ERROR:root:Department of Rehabilitation Medicine
ERROR:root:Catholic University of Daegu School of Medicine
ERROR:root:Sungkyunkwan University School of Medicine
ERROR:root:The First Affiliated Hospital of Nanchang University
ERROR:root:Minimally Invasive and Endocrine Surgery
ERROR:root:Hospital Infantil Universitario de San José
ERROR:root:1 Department of Cardiology Kaiser Permanente Los Angeles Medical Center Los Angeles CA
ERROR:root:Editors-in-Chief
ERROR:root:Fujita Health University School of Medicine
ERROR:root:University of Minnesota College of Continuing and Professional Studies
ERROR:root:The Ohio State University College of Dentistry
ERROR:root:The University of Iowa College of Dentistry & Dental Clinics
ERROR:root:Departments of Dermatology and Pediatrics
ERROR:root:FI-00032
ERROR:root:and Blood and Marrow Transplant
ERROR:root:Divisions of General Pediatrics and
ERROR:root:Geriatric Department
ERROR:root:Medical University of Innsbruck
ERROR:root:a University of Houston Law Center
ERROR:root:a Baylor College of Medicine
ERROR:root:From the Institutes of Internal Medicine and Gastroenterology and Pancreatic Unit
ERROR:root:1 Department of Food Science and Technology
ERROR:root:Ohioand
ERROR:root:International Sweeteners Association
ERROR:root:University Medical Center Mainz
ERROR:root:CA 94158
ERROR:root:Faculty of Nursing Hamamatsu University
ERROR:root:Department of Health Policy and Management
ERROR:root:1 Case Western Reserve University School of Medicine and Harrington Heart and Vascular Institute University Hospitals Cleveland OH
ERROR:root:Diskapi Yildirim Beyazit Education and Research Hospital
ERROR:root:Departments of Cardiology
ERROR:root:NewYork-Presbyterian Hospital/Columbia University Medical Center
ERROR:root:Departments of Pathology and Laboratory Medicine
ERROR:root:Departments of Diagnostic Pathology
ERROR:root:Departments of Psychology
ERROR:root:On behalf of the Clinical Practice Guidelines Committee of the American Society of Colon and Rectal Surgeons
ERROR:root:Departments of Orthopedic Surgery
ERROR:root:VA Salt Lake City Health Care System
ERROR:root:Silberman Institute of Life Sciences and the
ERROR:root:Departments of Neurobiology and Anatomy and
ERROR:root:Department of Physiology and Biomedical Engineering
ERROR:root:Department of Gastroenterology and Hepatology
ERROR:root:Department of Epidemiology and Biostatistics
ERROR:root:Department of Hepatology
ERROR:root:Department of Paediatrics
ERROR:root:Department of Pulmonary and Critical Care Medicine
ERROR:root:Division of Nephrology and
ERROR:root:Human-Animal Interaction Division
ERROR:root:BC Cancer Centre for Lymphoid Cancer
ERROR:root:Humanigen
ERROR:root:Nature Reviews Genetics
ERROR:root:Brain Function Research Group
ERROR:root:University of Michigan School of Public Health
ERROR:root:Faculty of Human Nutrition and Consumer Sciences)
ERROR:root:Thoracic Surgery Department Cancer Hospital Chinese Academy of Medical Sciences Beijing China
ERROR:root:264002 P. R. China
ERROR:root:Cleveland Clinic Taussig Cancer Institute
ERROR:root:and A. G. Vilos)
ERROR:root:USA; email: pxb28@psu.edu
ERROR:root:sb1722@cabm.rutgers.edu
ERROR:root:Department of Laboratory Medicine and Pathology and
ERROR:root:Proteases and Tissue Remodeling Section and
ERROR:root:Division of Hematology and
ERROR:root:1Supreme Court
ERROR:root:1Kyiv National University of Trade and Economics
ERROR:root:Untied Kingdom
ERROR:root:Gunma Prefectural College of Health Sciences (Current address: Yokohama Municipal Citizen's Hospital)
ERROR:root:Hirosaki University Graduate School of Health Sciences
ERROR:root:Tohoku University Graduate School of Medicine
ERROR:root:Emory University Rollins School of Public Health
ERROR:root:Cardiac Rehabilitation Unit
ERROR:root:which offers products and solutions to optimize process and workflows. Address correspondence to Ms Hess via email:
ERROR:root:contact Dr. Tankimovich at
ERROR:root:contact Bryan Dang at
ERROR:root:contact Ms. Vacek at
ERROR:root:Prinses Máxima Center for Pediatric Oncology;
ERROR:root:UNC Neuroscience Center; UNC/NC State Joint Department of Biomedical Engineering
ERROR:root:School of Osteopathic Medicine and Graduate School of Biomedical Sciences
ERROR:root:US Army Engineer Research and Development Center
ERROR:root:Baixo Vouga Hospital Centre
ERROR:root:Departments of Cardiovascular Medicine
ERROR:root:Santa Fe (Mr Green); and United States Public Health Service (ret) (Dr DeBruyn)
ERROR:root:College Station (Mss Macareno and Nimmons)
ERROR:root:Ninth People's Hospital
ERROR:root:Radboud University Medical Center
ERROR:root:Lehr- und Forschungsgebiet Gesundheitspsychologie; RWTH Aachen
ERROR:root:Maisonneuve-Rosemont Hospital-Rosemont Hospital
ERROR:root:National Institute on Alcohol Abuse and Alcoholism
ERROR:root:From the Ubiquitin Project and
ERROR:root:Centers for Injury Research and Prevention and
ERROR:root:SERGAS-UVIGO
ERROR:root:The First Affiliated Hospital of Xi'an Jiaotong University
ERROR:root:National Institutes for Quantum and Radiological Science and Technology
ERROR:root:. alba.lopez.bravo@gmail.com.
ERROR:root:The Hebrew University of Jerusalem
ERROR:root:CEP 13083-862
ERROR:root:opkers@wm.edu.
ERROR:root:Ludwig Boltzmann Institute for Lung Vascular Research;
ERROR:root:Christine M. Kleinert Institute for Hand and Microsurgery
ERROR:root:OR 97239. 503-494-6602. Fax: 503-494-4496
ERROR:root:San Francisco Medical Center
ERROR:root:Department of Community & Family Medicine
ERROR:root:Texas Heart Institute/Baylor College of Medicine
ERROR:root:Ministry of Health of Brazil
ERROR:root:Division of Nephrology and Hypertension
ERROR:root:IL (Dr. Cancienne)
ERROR:root:MD (Dr. Skimming)
ERROR:root:CA (Dr. Xia)
ERROR:root:Fundeni Clinical Institute
ERROR:root:Teleaudiology and Screening Department
ERROR:root:Department of Otolaryngology-Head & Neck Surgery
ERROR:root:Saarland University Medical Center UKS Homburg/Saar
ERROR:root:GuangDong Second Hospital of Traditional Chinese Medicine
ERROR:root:Department of Brain Education
ERROR:root:Basic Medical College
ERROR:root:Instituto de Investigación Biomedica de Malaga (IBIMA)
ERROR:root:Technology and Education (CITE)
ERROR:root:PA 19104. From the 2016 RSNA Annual Meeting
ERROR:root:Larry A. Green Center for the Advancement of Primary Health Care for the Public Good
ERROR:root:Nature Methods
ERROR:root:Johns Hopkins School of Medicine
ERROR:root:School of Pharmacy; Universtiy of Granada
ERROR:root:plastische und ästhetische Operationen
ERROR:root:NY 10003. E-mail:
ERROR:root:University of Michigan Medical School
ERROR:root:University College London Hospitals NHS Foundation Trust
ERROR:root:Heart Failure and Transplant Program
ERROR:root:Novokuznetsk State Institute for Further Training of Physicians - Branch Campus of the Russian Medical Academy of Continuous Professional Education
ERROR:root:Multi-professional Practice: a Joanna Briggs Institute Centre of Excellence
ERROR:root:From the Departments of Pediatric Surgery and
ERROR:root:From the Departments of Radiation Oncology
ERROR:root:NY (S.N.); and New York (M.L.B.)
ERROR:root:Tokushima University Graduate School of Biomedical Sciences
ERROR:root:National Center for Geriatrics and Gerontology
ERROR:root:St Marianna University School of Medicine Yokohama City Seibu Hospital
ERROR:root:Department of Cellular and Molecular Medicine
ERROR:root:Division of Liberal Arts and Sciences
ERROR:root:From the Departments of Anesthesiology and Perioperative Medicine
ERROR:root:J. Horwitz Psychiatric Institute
ERROR:root:Departments of Pediatric Rheumatology
ERROR:root:Departments of Pediatric Hospital Medicine
ERROR:root:From the College of Medicine and
ERROR:root:The Second Clinical Medical College of Nanchang University
ERROR:root:all of the authors were affiliated with the Center for Tobacco Control Research and Education and Department of Medicine at the University of California San Francisco
ERROR:root:c/o Philipps-Universität Marburg
ERROR:root:Linkou Branch
ERROR:root:The Second Affiliated Hospital of Shantou University Medical College
ERROR:root:Affiliated Hospital of Gansu University of Traditional Chinese Medicine
ERROR:root:Division of Endocrinology and Metabolism
ERROR:root:From the Department of Biochemistry and Molecular Biology and
ERROR:root:Department of Pharmacology and
ERROR:root:Ken and Ruth Davee Department of Neurology
ERROR:root:Janani Hariharan is a Ph.D. student at Cornell University. Send your career story to
ERROR:root:Mid-Continent Ecology Division
ERROR:root:Spectrum Pharmaceuticals
ERROR:root:National Cancer Institute at the National Institutes of Health
ERROR:root:Oncology Nursing Society
ERROR:root:CMI Editorial Office
ERROR:root:N1G 2W1 Canada
ERROR:root:España; Red de Investigación en Servicios de Salud en Enfermedades Crónicas (REDISSEC)
ERROR:root:Department of Integrative Physiology and Neuroscience
ERROR:root:Presidente da Sociedade Portuguesa de Cirurgia Cardio-Torácica e Vascular
ERROR:root:Gunma University Graduate School of Health Sciences
ERROR:root:Miyakojima IGRT Clinic
ERROR:root:The University of Chicago and Gunma Prefectural College of Health Sciences
ERROR:root:Tokyo University of Science Laboratory for Cytokine Regulation
ERROR:root:The Third Affiliated Hospital of Nanchang University
ERROR:root:Hiroshima University Graduate School of Biomedical and Health Sciences
ERROR:root:Heart Center at University of Leipzig
ERROR:root:Sakurabashi-Watanabe Hospital
ERROR:root:The University-Town Hospital of Chongqing Medical University
ERROR:root:Chief Medical Officer MILVIK Pakistan (BIMA)
ERROR:root:Veterans Affairs Puget Sound Health Care System
ERROR:root:Lenox Hill Hospital and Zucker School of Medicine at Hofstra/Northwell
ERROR:root:Azienda Sanitaria Universitaria Integrata (ASUITS) and University of Trieste
ERROR:root:Departments of Pediatric Oncology
ERROR:root:Department of Laboratory Diagnostics and Clinical Immunology of Developmental Age
ERROR:root:Departments of Clinical Pharmacy
ERROR:root:Academy of Military Medical Sciences
ERROR:root:RIKEN Center for Integrative Medical Sciences;
ERROR:root:Nanjing Drum Tower Hospital Clinical College of Nanjing Medical University
ERROR:root:The Fifth Affiliated Hospital of Zhengzhou University
ERROR:root:From the Departments of Oncology
ERROR:root:Wash. Lisa Summers is the Deputy Director of the DNP Program at Yale University
ERROR:root:Assistant professor of pediatrics at Northwestern University Feinberg School of Medicine and an adjunct professor of law at the Northwestern University Pritzker School of Law
ERROR:root:San Diego (Singh)
ERROR:root:From the Departments of Ophthalmology and
ERROR:root:Bloomberg School of Public Health and
ERROR:root:1 Division of Adolescent/Young Adult Medicine Boston Children's Hospital Boston MA
ERROR:root:1 University of Miami Miller School of Medicine Miami FL
ERROR:root:1 Department of Medicine University of California San Francisco CA
ERROR:root:1Department of Neurosurgery and
ERROR:root:138634
ERROR:root:CBS. Universidad Autónoma Metropolitana-Iztapalapa
ERROR:root:Federal University of Maranhão
ERROR:root:Department of Nutrition and Dieteticzs. Faculty of Health Sciences. Gazi University
ERROR:root:1 David Geffen School of Medicine at UCLA Los Angeles CA
ERROR:root:National Clinician Scholars Program and
ERROR:root:Division of Rheumatology
ERROR:root:Nature Reviews Nephrology
ERROR:root:Pädagogische Hochschule Ludwigsburg Fakultät für Sonderpädagogik Reuteallee 46 71634 Ludwigsburg Deutschland Fakultät III: Sonderpädagogik - Pädagogische Hochschule Ludwigsburg
ERROR:root:Laboratory of Pathology of the Hospital Nossa Senhora da Conceição de Porto Alegre
ERROR:root:EPIUnit - Instituto de Saúde Pública
ERROR:root:Departments of Gastroenterology and Hepatology
ERROR:root:Kanagawa Children's Medical Center
ERROR:root:Orthopaedic Department
ERROR:root:University of Memphis Cecil C. Humphreys School of Law
ERROR:root:Professor of Nursing Technology and Innovation. King's College London
ERROR:root:Editor Journal of Wound Care
ERROR:root:Graduate Program in Pathology
ERROR:root:1 Department of Medicine and
ERROR:root:1 Department of Cardiology Amiens University Hospital Amiens France
ERROR:root:NJ 08053 (email: )
ERROR:root:Central Pharmaceutical Research Institute
ERROR:root:Kawaguchi Municipal Medical Center
ERROR:root:Kitakyushu Municipal Medical Center
ERROR:root:Nature Reviews Microbiology
ERROR:root:Parasitic Diseases Branch
ERROR:root:Division of Infectious Diseases
ERROR:root:USA (Work Origin)
ERROR:root:Division of Psychology and Counseling
ERROR:root:and Rehabilitation Counseling
ERROR:root:Phrenos Center of Expertise
ERROR:root:Lundberg Laboratory for Diabetes Research and
ERROR:root:Guangdong Provincial Key Laboratory of Cell Microenvironment and Disease Research and
ERROR:root:Md (R.Y.S.)
ERROR:root:Cleveland Clinic Cole Eye Institute
ERROR:root:On behalf of the Healthcare Economics Committee of the American Society of Colon and Rectal Surgeons
ERROR:root:University of Health Sciences Bagcilar Training and Research Hospital
ERROR:root:Clinic for Otorhinolaryngology and Maxillofacial Surgery
ERROR:root:Bauru School of Dentistry
ERROR:root:N.Y. (Correll)
ERROR:root:Seminars in Oncology
ERROR:root:First Department of Internal Medicine and
ERROR:root:MLL Munich Leukemia Laboratory
ERROR:root:AZ 85287
ERROR:root:Psychology and Neuroscience King's College London London United Kingdom
ERROR:root:Critical Care and Pain Medicine Boston Children's Hospital Harvard Medical School Boston Massachusetts 02215
ERROR:root:Department of Psychiatry University of Cambridge Cambridge United Kingdom
ERROR:root:Department of Physics and Astronomy University of British Columbia Vancouver British Columbia Canada
ERROR:root:Department of Neurology The Third Affiliated Hospital of Sun Yat-Sen University Guangzhou 510630 China
ERROR:root:Department of Paediatric Neurology B.C. Children's Hospital and The University of British Columbia Vancouver Canada
ERROR:root:Directora Farmacia Hospitalaria
ERROR:root:Ky (M.E.O.)
ERROR:root:CanadaM5S 3H6
ERROR:root:Ministry of Health Indonesia
ERROR:root:National Key Laboratory of Crop Genetic Improvement
ERROR:root:N1G 2W1
ERROR:root:Chubu University College of Life and Health Sciences
ERROR:root:Epsom and St Helier University Hospitals NHS Trust
ERROR:root:Guest Editor
ERROR:root:Policlinico Universitario di Padova
ERROR:root:Department of Management & Organizations
ERROR:root:Department of Personnel Management and Work and Organizational Psychology
ERROR:root:PA. Dr. Spatz can be reached at
ERROR:root:University Hospital Basel
ERROR:root:CNRS UMR 7275
ERROR:root:Departments of Aneshesiology
ERROR:root:Department of Rheumatology and Immunology
ERROR:root:Department of Breast and Endocrine Surgery
ERROR:root:University Hospital Virgen del Rocío/CSIC/University of Seville
ERROR:root:Directorate for Nuclear Safety and Security
ERROR:root:University of Miami Miller School of Medicine
ERROR:root:University of Minnesota Medical School
ERROR:root:Division of Pediatric Hematology/Oncology
ERROR:root:University at Buffalo School of Dental Medicine
ERROR:root:Maria Skłodowska-Curie Memorial Cancer Centre and Institute of Oncology
ERROR:root:1 Miguel Hernández University of Elche
ERROR:root:and assistant professor in the Departments of Medicine and Health Care Policy at Weill Cornell
ERROR:root:Harvard Medical School Center for Primary Care
ERROR:root:These authors contributed equally to the article
ERROR:root:"Venizeleio-Pananeio" General Hospital of Heraklion
ERROR:root:California. He was the founding director of the FDA's Office of Biotechnology
ERROR:root:is executive director and CEO of the kansas City Medical society and Foundation
ERROR:root:is principal of Braibish Communications and managing editor of Kansas City Medicine
ERROR:root:and readers are urged to consult their own attorney concerning their own situation and any specific legal questions.1
ERROR:root:chocw@cnu.ac.kr
ERROR:root:Physiology and Pharmacology
ERROR:root:USA dbmi.hms.harvard.edu
ERROR:root:USA#Co-first author
ERROR:root:USA www.ncsu.edu
ERROR:root:MO 63104 USA
ERROR:root:From the Departments of Anesthesiology and Surgical Intensive Care
ERROR:root:From the Departments of Medicine
ERROR:root:From the Division of Urogynecology
ERROR:root:The Third Psychiatric Department
ERROR:root:Case Western Reserve University School of Medicine
ERROR:root:as a Certified Daring Way™ Facilitator
ERROR:root:and international presenter. Sharon is also a spiritual director. Contact her at
ERROR:root:Yale School of Medicine
ERROR:root:Klinik für Neurologie und neurologische Frührehabilitation
